<?xml version="1.0" encoding="UTF-8"?>
<coverage generated="1774565492227" clover="3.2.0">
  <project timestamp="1774565492227" name="All files">
    <metrics statements="13" coveredstatements="13" conditionals="12" coveredconditionals="10" methods="4" coveredmethods="4" elements="29" coveredelements="27" complexity="0" loc="13" ncloc="13" packages="1" files="1" classes="1"/>
    <file name="auth.js" path="C:\Users\Ahmer Ali\Desktop\app\auth.js">
      <metrics statements="13" coveredstatements="13" conditionals="12" coveredconditionals="10" methods="4" coveredmethods="4"/>
      <line num="8" count="7" type="cond" truecount="2" falsecount="0"/>
      <line num="16" count="4" type="stmt"/>
      <line num="26" count="5" type="cond" truecount="3" falsecount="1"/>
      <line num="28" count="5" type="stmt"/>
      <line num="30" count="5" type="cond" truecount="2" falsecount="0"/>
      <line num="32" count="4" type="stmt"/>
      <line num="33" count="4" type="stmt"/>
      <line num="35" count="4" type="stmt"/>
      <line num="45" count="2" type="stmt"/>
      <line num="47" count="2" type="cond" truecount="1" falsecount="1"/>
      <line num="48" count="2" type="cond" truecount="2" falsecount="0"/>
      <line num="50" count="1" type="stmt"/>
      <line num="54" count="1" type="stmt"/>
    </file>
  </project>
</coverage>
