{"C:\\Users\\Ahmer Ali\\Desktop\\app\\auth.js": {"path":"C:\\Users\\Ahmer Ali\\Desktop\\app\\auth.js","statementMap":{"0":{"start":{"line":8,"column":4},"end":{"line":8,"column":59}},"1":{"start":{"line":16,"column":4},"end":{"line":16,"column":57}},"2":{"start":{"line":26,"column":4},"end":{"line":26,"column":65}},"3":{"start":{"line":26,"column":32},"end":{"line":26,"column":65}},"4":{"start":{"line":28,"column":18},"end":{"line":28,"column":28}},"5":{"start":{"line":30,"column":4},"end":{"line":30,"column":55}},"6":{"start":{"line":30,"column":25},"end":{"line":30,"column":55}},"7":{"start":{"line":32,"column":4},"end":{"line":32,"column":31}},"8":{"start":{"line":33,"column":4},"end":{"line":33,"column":21}},"9":{"start":{"line":35,"column":4},"end":{"line":35,"column":32}},"10":{"start":{"line":45,"column":18},"end":{"line":45,"column":28}},"11":{"start":{"line":47,"column":4},"end":{"line":47,"column":51}},"12":{"start":{"line":47,"column":26},"end":{"line":47,"column":51}},"13":{"start":{"line":48,"column":4},"end":{"line":48,"column":67}},"14":{"start":{"line":48,"column":38},"end":{"line":48,"column":67}},"15":{"start":{"line":50,"column":4},"end":{"line":50,"column":31}},"16":{"start":{"line":54,"column":0},"end":{"line":54,"column":56}}},"fnMap":{"0":{"name":"getUsers","decl":{"start":{"line":7,"column":9},"end":{"line":7,"column":17}},"loc":{"start":{"line":7,"column":20},"end":{"line":9,"column":1}},"line":7},"1":{"name":"saveUsers","decl":{"start":{"line":15,"column":9},"end":{"line":15,"column":18}},"loc":{"start":{"line":15,"column":26},"end":{"line":17,"column":1}},"line":15},"2":{"name":"signup","decl":{"start":{"line":25,"column":9},"end":{"line":25,"column":15}},"loc":{"start":{"line":25,"column":36},"end":{"line":36,"column":1}},"line":25},"3":{"name":"login","decl":{"start":{"line":44,"column":9},"end":{"line":44,"column":14}},"loc":{"start":{"line":44,"column":35},"end":{"line":51,"column":1}},"line":44}},"branchMap":{"0":{"loc":{"start":{"line":8,"column":11},"end":{"line":8,"column":58}},"type":"binary-expr","locations":[{"start":{"line":8,"column":11},"end":{"line":8,"column":52}},{"start":{"line":8,"column":56},"end":{"line":8,"column":58}}],"line":8},"1":{"loc":{"start":{"line":26,"column":4},"end":{"line":26,"column":65}},"type":"if","locations":[{"start":{"line":26,"column":4},"end":{"line":26,"column":65}},{"start":{},"end":{}}],"line":26},"2":{"loc":{"start":{"line":26,"column":8},"end":{"line":26,"column":30}},"type":"binary-expr","locations":[{"start":{"line":26,"column":8},"end":{"line":26,"column":17}},{"start":{"line":26,"column":21},"end":{"line":26,"column":30}}],"line":26},"3":{"loc":{"start":{"line":30,"column":4},"end":{"line":30,"column":55}},"type":"if","locations":[{"start":{"line":30,"column":4},"end":{"line":30,"column":55}},{"start":{},"end":{}}],"line":30},"4":{"loc":{"start":{"line":47,"column":4},"end":{"line":47,"column":51}},"type":"if","locations":[{"start":{"line":47,"column":4},"end":{"line":47,"column":51}},{"start":{},"end":{}}],"line":47},"5":{"loc":{"start":{"line":48,"column":4},"end":{"line":48,"column":67}},"type":"if","locations":[{"start":{"line":48,"column":4},"end":{"line":48,"column":67}},{"start":{},"end":{}}],"line":48}},"s":{"0":7,"1":4,"2":5,"3":0,"4":5,"5":5,"6":1,"7":4,"8":4,"9":4,"10":2,"11":2,"12":0,"13":2,"14":1,"15":1,"16":1},"f":{"0":7,"1":4,"2":5,"3":2},"b":{"0":[7,4],"1":[0,5],"2":[5,5],"3":[1,4],"4":[0,2],"5":[1,1]},"_coverageSchema":"1a1c01bbd47fc00a2c39e90264f33305004495a9","hash":"939d2402bd6c45f03989ee13a23edc810d09aac4"}
}
